Time resolution is 1 ps
RAM[0] = 30000000
RAM[1] = 20010006
RAM[2] = 34020012
RAM[3] = 00221820
RAM[4] = 00412022
RAM[5] = 00222824
RAM[6] = 00223025
RAM[7] = 0022382a
RAM[8] = 00024100
RAM[9] = 00014842
RAM[10] = 10220001
RAM[11] = 8c0a0004
RAM[12] = 14620001
RAM[13] = 30210000
RAM[14] = 08000010
RAM[15] = 30420000
RAM[16] = 00400008
RAM[17] = 30630000
RAM[18] = ac010040
RAM[19] = ac020041
RAM[20] = ac030042
RAM[21] = ac040043
RAM[22] = ac050044
RAM[23] = ac060045
RAM[24] = ac070046
RAM[25] = ac080047
RAM[26] = ac090048
RAM[27] = ac0a0049
Fetch Status:
CS=1, WE=0, ADDR=xx
instr=xxxxxxxx

Fetch Status:
CS=1, WE=0, ADDR=00
instr=xxxxxxxx

Fetch Status:
CS=1, WE=0, ADDR=00
instr=xxxxxxxx

Fetch Status:
CS=1, WE=0, ADDR=00
instr=xxxxxxxx

Fetch Status:
CS=1, WE=0, ADDR=00
instr=30000000

Decode Status:
CS=0, WE=0, ADDR=01
instr=30000000

Decode Status:
CS=0, WE=0, ADDR=xx
instr=30000000

Execute Status:
ALU_A          x, ALU_B          0, ALU_Result          0

Writeback

Fetch Status:
CS=1, WE=0, ADDR=00
instr=30000000

Fetch Status:
CS=1, WE=0, ADDR=01
instr=30000000

Decode Status:
CS=0, WE=0, ADDR=02
instr=20010006

Decode Status:
CS=0, WE=0, ADDR=00
instr=20010006

Decode Status:
CS=0, WE=0, ADDR=00
instr=20010006

Execute Status:
ALU_A          0, ALU_B          6, ALU_Result          6

Writeback

Fetch Status:
CS=1, WE=0, ADDR=06
instr=20010006

Fetch Status:
CS=1, WE=0, ADDR=02
instr=20010006

Decode Status:
CS=0, WE=0, ADDR=03
instr=34020012

Decode Status:
CS=0, WE=0, ADDR=06
instr=34020012

Execute Status:
ALU_A          0, ALU_B         18, ALU_Result         18

Writeback

Fetch Status:
CS=1, WE=0, ADDR=12
instr=34020012

Fetch Status:
CS=1, WE=0, ADDR=03
instr=34020012

Decode Status:
CS=0, WE=0, ADDR=04
instr=00221820

Decode Status:
CS=0, WE=0, ADDR=12
instr=00221820

Execute Status:
ALU_A          0, ALU_B         18, ALU_Result         18

Execute Status:
ALU_A          6, ALU_B         18, ALU_Result         24

Writeback

Fetch Status:
CS=1, WE=0, ADDR=18
instr=00221820

Fetch Status:
CS=1, WE=0, ADDR=04
instr=00221820

Decode Status:
CS=0, WE=0, ADDR=05
instr=00412022

Decode Status:
CS=0, WE=0, ADDR=18
instr=00412022

Execute Status:
ALU_A          6, ALU_B         18, ALU_Result 4294967284

Execute Status:
ALU_A         18, ALU_B          6, ALU_Result         12

Writeback

Fetch Status:
CS=1, WE=0, ADDR=0c
instr=00412022

Fetch Status:
CS=1, WE=0, ADDR=05
instr=00412022

Decode Status:
CS=0, WE=0, ADDR=06
instr=00222824

Decode Status:
CS=0, WE=0, ADDR=0c
instr=00222824

Execute Status:
ALU_A         18, ALU_B          6, ALU_Result          2

Execute Status:
ALU_A          6, ALU_B         18, ALU_Result          2

Writeback

Fetch Status:
CS=1, WE=0, ADDR=02
instr=00222824

Fetch Status:
CS=1, WE=0, ADDR=06
instr=00222824

Decode Status:
CS=0, WE=0, ADDR=07
instr=00223025

Decode Status:
CS=0, WE=0, ADDR=02
instr=00223025

Execute Status:
ALU_A          6, ALU_B         18, ALU_Result         22

Writeback

Fetch Status:
CS=1, WE=0, ADDR=16
instr=00223025

Fetch Status:
CS=1, WE=0, ADDR=07
instr=00223025

Decode Status:
CS=0, WE=0, ADDR=08
instr=0022382a

Decode Status:
CS=0, WE=0, ADDR=16
instr=0022382a

Execute Status:
ALU_A          6, ALU_B         18, ALU_Result          1

Writeback

Fetch Status:
CS=1, WE=0, ADDR=01
instr=0022382a

Fetch Status:
CS=1, WE=0, ADDR=08
instr=0022382a

Decode Status:
CS=0, WE=0, ADDR=09
instr=00024100

Decode Status:
CS=0, WE=0, ADDR=01
instr=00024100

Execute Status:
ALU_A          6, ALU_B         18, ALU_Result        288

Execute Status:
ALU_A          0, ALU_B         18, ALU_Result        288

Writeback

Fetch Status:
CS=1, WE=0, ADDR=20
instr=00024100

Fetch Status:
CS=1, WE=0, ADDR=09
instr=00024100

Decode Status:
CS=0, WE=0, ADDR=0a
instr=00014842

Decode Status:
CS=0, WE=0, ADDR=20
instr=00014842

Execute Status:
ALU_A          0, ALU_B         18, ALU_Result          9

Execute Status:
ALU_A          0, ALU_B          6, ALU_Result          3

Writeback

Fetch Status:
CS=1, WE=0, ADDR=03
instr=00014842

Fetch Status:
CS=1, WE=0, ADDR=0a
instr=00014842

Decode Status:
CS=0, WE=0, ADDR=0b
instr=10220001

Decode Status:
CS=0, WE=0, ADDR=03
instr=10220001

Execute Status:
ALU_A          0, ALU_B          6, ALU_Result 4294967290

Execute Status:
ALU_A          6, ALU_B         18, ALU_Result 4294967284

Fetch Status:
CS=1, WE=0, ADDR=74
instr=10220001

Fetch Status:
CS=1, WE=0, ADDR=0b
instr=10220001

Decode Status:
CS=0, WE=0, ADDR=0c
instr=8c0a0004

Decode Status:
CS=0, WE=0, ADDR=74
instr=8c0a0004

Execute Status:
ALU_A          6, ALU_B          4, ALU_Result         10

Execute Status:
ALU_A          0, ALU_B          4, ALU_Result          4

Writeback

Fetch Status:
CS=1, WE=0, ADDR=04
instr=8c0a0004

Fetch Status:
CS=1, WE=0, ADDR=0c
instr=8c0a0004

Decode Status:
CS=0, WE=0, ADDR=0d
instr=14620001

Decode Status:
CS=0, WE=0, ADDR=04
instr=14620001

Execute Status:
ALU_A          0, ALU_B    4268066, ALU_Result 4290699230

Execute Status:
ALU_A         24, ALU_B         18, ALU_Result          6

Fetch Status:
CS=1, WE=0, ADDR=06
instr=14620001

Fetch Status:
CS=1, WE=0, ADDR=0e
instr=14620001

Decode Status:
CS=0, WE=0, ADDR=0f
instr=08000010

Decode Status:
CS=0, WE=0, ADDR=06
instr=08000010

Fetch Status:
CS=1, WE=0, ADDR=06
instr=08000010

Fetch Status:
CS=1, WE=0, ADDR=10
instr=08000010

Fetch Status:
CS=1, WE=0, ADDR=10
instr=08000010

Decode Status:
CS=0, WE=0, ADDR=11
instr=00400008

Decode Status:
CS=0, WE=0, ADDR=06
instr=00400008

Execute Status:
ALU_A          0, ALU_B          0, ALU_Result          0

Execute Status:
ALU_A         18, ALU_B          0, ALU_Result          0

JR instruction detected!
alu_in_A = 00000012
New PC will be: 12
JR instruction detected!
alu_in_A = 00000012
New PC will be: 12
Fetch Status:
CS=1, WE=0, ADDR=00
instr=00400008

Fetch Status:
CS=1, WE=0, ADDR=12
instr=00400008

Decode Status:
CS=0, WE=0, ADDR=13
instr=ac010040

Decode Status:
CS=0, WE=0, ADDR=00
instr=ac010040

Execute Status:
ALU_A         18, ALU_B         64, ALU_Result         82

Execute Status:
ALU_A          0, ALU_B         64, ALU_Result         64

Writeback

Finished iteration           1
Membus status          6

Fetch Status:
CS=1, WE=0, ADDR=40
instr=ac010040

Fetch Status:
CS=1, WE=0, ADDR=13
instr=ac010040

Decode Status:
CS=0, WE=0, ADDR=14
instr=ac020041

Decode Status:
CS=0, WE=0, ADDR=40
instr=ac020041

Execute Status:
ALU_A          0, ALU_B         65, ALU_Result         65

Writeback

Finished iteration           2
Membus status         18

Fetch Status:
CS=1, WE=0, ADDR=41
instr=ac020041

Fetch Status:
CS=1, WE=0, ADDR=14
instr=ac020041

Decode Status:
CS=0, WE=0, ADDR=15
instr=ac030042

Decode Status:
CS=0, WE=0, ADDR=41
instr=ac030042

Execute Status:
ALU_A          0, ALU_B         66, ALU_Result         66

Writeback

Finished iteration           3
Membus status         24

Fetch Status:
CS=1, WE=0, ADDR=42
instr=ac030042

Fetch Status:
CS=1, WE=0, ADDR=15
instr=ac030042

Decode Status:
CS=0, WE=0, ADDR=16
instr=ac040043

Decode Status:
CS=0, WE=0, ADDR=42
instr=ac040043

Execute Status:
ALU_A          0, ALU_B         67, ALU_Result         67

Writeback

Finished iteration           4
Membus status         12

Fetch Status:
CS=1, WE=0, ADDR=43
instr=ac040043

Fetch Status:
CS=1, WE=0, ADDR=16
instr=ac040043

Decode Status:
CS=0, WE=0, ADDR=17
instr=ac050044

Decode Status:
CS=0, WE=0, ADDR=43
instr=ac050044

Execute Status:
ALU_A          0, ALU_B         68, ALU_Result         68

Writeback

Finished iteration           5
Membus status          2

Fetch Status:
CS=1, WE=0, ADDR=44
instr=ac050044

Fetch Status:
CS=1, WE=0, ADDR=17
instr=ac050044

Decode Status:
CS=0, WE=0, ADDR=18
instr=ac060045

Decode Status:
CS=0, WE=0, ADDR=44
instr=ac060045

Execute Status:
ALU_A          0, ALU_B         69, ALU_Result         69

Writeback

Finished iteration           6
Membus status         22

Fetch Status:
CS=1, WE=0, ADDR=45
instr=ac060045

Fetch Status:
CS=1, WE=0, ADDR=18
instr=ac060045

Decode Status:
CS=0, WE=0, ADDR=19
instr=ac070046

Decode Status:
CS=0, WE=0, ADDR=45
instr=ac070046

Execute Status:
ALU_A          0, ALU_B         70, ALU_Result         70

Writeback

Finished iteration           7
Membus status          1

Fetch Status:
CS=1, WE=0, ADDR=46
instr=ac070046

Fetch Status:
CS=1, WE=0, ADDR=19
instr=ac070046

Decode Status:
CS=0, WE=0, ADDR=1a
instr=ac080047

Decode Status:
CS=0, WE=0, ADDR=46
instr=ac080047

Execute Status:
ALU_A          0, ALU_B         71, ALU_Result         71

Writeback

Finished iteration           8
Membus status        288

Fetch Status:
CS=1, WE=0, ADDR=47
instr=ac080047

Fetch Status:
CS=1, WE=0, ADDR=1a
instr=ac080047

Decode Status:
CS=0, WE=0, ADDR=1b
instr=ac090048

Decode Status:
CS=0, WE=0, ADDR=47
instr=ac090048

Execute Status:
ALU_A          0, ALU_B         72, ALU_Result         72

Writeback

Finished iteration           9
Membus status          3

Fetch Status:
CS=1, WE=0, ADDR=48
instr=ac090048

Fetch Status:
CS=1, WE=0, ADDR=1b
instr=ac090048

Decode Status:
CS=0, WE=0, ADDR=1c
instr=ac0a0049

Decode Status:
CS=0, WE=0, ADDR=48
instr=ac0a0049

Execute Status:
ALU_A          0, ALU_B         73, ALU_Result         73

Writeback

Finished iteration          10
Membus status    4268066

TEST COMPLETE
$stop called at time : 1940 ns : File "C:/Users/Ethan/Desktop/Classes/ECE460M-DigitalSysDesign/Labs/Lab7/Lab7.srcs/sim_1/new/Complete_MIPS_tb.v" Line 113
